<?xml version="1.0" encoding="UTF-8"?>
<!-- Generated by org.testng.reporters.JUnitReportReporter -->
<testsuite hostname="GunisettyGopikrishna" name="funtionality.RegPage" tests="1" failures="0" timestamp="15 Apr 2022 06:45:26 GMT" time="32.481" errors="0">
  <testcase name="f" time="32.481" classname="funtionality.RegPage"/>
</testsuite> <!-- funtionality.RegPage -->
