<?xml version="1.0" encoding="UTF-8"?>
<!-- Generated by org.testng.reporters.JUnitReportReporter -->
<testsuite hostname="GunisettyGopikrishna" name="webdriverpack.Function7_DragAndDrop" tests="1" failures="0" timestamp="1 Apr 2022 05:42:47 GMT" time="16.096" errors="0">
  <testcase name="f" time="16.096" classname="webdriverpack.Function7_DragAndDrop"/>
</testsuite> <!-- webdriverpack.Function7_DragAndDrop -->
