<?xml version="1.0" encoding="UTF-8"?>
<!-- Generated by org.testng.reporters.JUnitReportReporter -->
<testsuite hostname="GunisettyGopikrishna" name="webdriverpack.Function3" tests="1" failures="0" timestamp="25 Mar 2022 13:54:07 GMT" time="41.988" errors="0">
  <testcase name="f" time="41.988" classname="webdriverpack.Function3"/>
</testsuite> <!-- webdriverpack.Function3 -->
