<?xml version="1.0" encoding="UTF-8"?>
<!-- Generated by org.testng.reporters.JUnitReportReporter -->
<testsuite hostname="GunisettyGopikrishna" name="funtionality.SearchINValidLocation" tests="1" failures="0" timestamp="14 Apr 2022 16:52:50 GMT" time="70.616" errors="0">
  <testcase name="f" time="70.616" classname="funtionality.SearchINValidLocation"/>
</testsuite> <!-- funtionality.SearchINValidLocation -->
