<?xml version="1.0" encoding="UTF-8"?>
<!-- Generated by org.testng.reporters.JUnitReportReporter -->
<testsuite hostname="GunisettyGopikrishna" name="samples.FirefoxLogin" tests="2" failures="0" timestamp="21 Mar 2022 08:50:56 GMT" time="0.024" errors="0">
  <testcase name="b" time="0.002" classname="samples.FirefoxLogin"/>
  <testcase name="a" time="0.022" classname="samples.FirefoxLogin"/>
</testsuite> <!-- samples.FirefoxLogin -->
