<?xml version="1.0" encoding="UTF-8"?>
<!-- Generated by org.testng.reporters.JUnitReportReporter -->
<testsuite hostname="GunisettyGopikrishna" name="webdriverpack.Function1" tests="1" failures="0" timestamp="28 Mar 2022 08:30:34 GMT" time="94.433" errors="0">
  <testcase name="f" time="94.433" classname="webdriverpack.Function1"/>
</testsuite> <!-- webdriverpack.Function1 -->
