<?xml version="1.0" encoding="UTF-8"?>
<!-- Generated by org.testng.reporters.JUnitReportReporter -->
<testsuite hostname="GunisettyGopikrishna" name="samples.ChromeLogin" tests="1" failures="0" timestamp="21 Mar 2022 08:50:56 GMT" time="0.028" errors="0">
  <testcase name="f" time="0.028" classname="samples.ChromeLogin"/>
</testsuite> <!-- samples.ChromeLogin -->
