<?xml version="1.0" encoding="UTF-8"?>
<!-- Generated by org.testng.reporters.JUnitReportReporter -->
<testsuite hostname="GunisettyGopikrishna" name="webdriverpack.RegPage" tests="1" failures="0" timestamp="4 Apr 2022 09:14:18 GMT" time="135.806" errors="0">
  <testcase name="f" time="135.806" classname="webdriverpack.RegPage"/>
</testsuite> <!-- webdriverpack.RegPage -->
