<?xml version="1.0" encoding="UTF-8"?>
<!-- Generated by org.testng.reporters.JUnitReportReporter -->
<testsuite hostname="GunisettyGopikrishna" name="webdriverpack.Function7_Mousehover" tests="1" failures="0" timestamp="26 Mar 2022 18:43:30 GMT" time="19.389" errors="0">
  <testcase name="f" time="19.389" classname="webdriverpack.Function7_Mousehover"/>
</testsuite> <!-- webdriverpack.Function7_Mousehover -->
