<?xml version="1.0" encoding="UTF-8"?>
<!-- Generated by org.testng.reporters.JUnitReportReporter -->
<testsuite hostname="GunisettyGopikrishna" name="funtionality.SearchValidLocation" tests="1" failures="0" timestamp="14 Apr 2022 17:10:33 GMT" time="34.107" errors="0">
  <testcase name="f" time="34.107" classname="funtionality.SearchValidLocation"/>
</testsuite> <!-- funtionality.SearchValidLocation -->
