<?xml version="1.0" encoding="UTF-8"?>
<!-- Generated by org.testng.reporters.JUnitReportReporter -->
<testsuite hostname="GunisettyGopikrishna" name="webdriverpack.Function7_DatePicker" tests="1" failures="0" timestamp="26 Mar 2022 16:13:16 GMT" time="20.067" errors="0">
  <testcase name="f" time="20.067" classname="webdriverpack.Function7_DatePicker"/>
</testsuite> <!-- webdriverpack.Function7_DatePicker -->
