<?xml version="1.0" encoding="UTF-8"?>
<!-- Generated by org.testng.reporters.JUnitReportReporter -->
<testsuite hostname="GunisettyGopikrishna" name="webdriverpack.Function6_Windows_HandsOn" tests="1" failures="0" timestamp="31 Mar 2022 07:34:28 GMT" time="43.036" errors="0">
  <testcase name="f" time="43.036" classname="webdriverpack.Function6_Windows_HandsOn"/>
</testsuite> <!-- webdriverpack.Function6_Windows_HandsOn -->
