<?xml version="1.0" encoding="UTF-8"?>
<!-- Generated by org.testng.reporters.JUnitReportReporter -->
<testsuite hostname="GunisettyGopikrishna" name="funtionality.DataDrivenInvalidLogin" tests="1" failures="0" timestamp="13 Apr 2022 10:43:42 GMT" time="50.545" errors="0">
  <testcase name="f" time="50.545" classname="funtionality.DataDrivenInvalidLogin"/>
</testsuite> <!-- funtionality.DataDrivenInvalidLogin -->
