<?xml version="1.0" encoding="UTF-8"?>
<!-- Generated by org.testng.reporters.JUnitReportReporter -->
<testsuite hostname="GunisettyGopikrishna" name="webdriverpack.XLSExample" tests="1" failures="0" timestamp="1 Apr 2022 08:30:35 GMT" time="506.878" errors="0">
  <testcase name="f" time="506.878" classname="webdriverpack.XLSExample"/>
</testsuite> <!-- webdriverpack.XLSExample -->
