<?xml version="1.0" encoding="UTF-8"?>
<!-- Generated by org.testng.reporters.JUnitReportReporter -->
<testsuite hostname="GunisettyGopikrishna" name="webdriverpack.XLSXExample2" tests="1" failures="0" timestamp="5 Apr 2022 08:43:14 GMT" time="63.993" errors="0">
  <testcase name="f" time="63.993" classname="webdriverpack.XLSXExample2"/>
</testsuite> <!-- webdriverpack.XLSXExample2 -->
