<?xml version="1.0" encoding="UTF-8"?>
<!-- Generated by org.testng.reporters.JUnitReportReporter -->
<testsuite hostname="GunisettyGopikrishna" name="webdriverpack.Function5_Frames_HandsOn" tests="1" failures="0" timestamp="26 Mar 2022 10:54:27 GMT" time="14.428" errors="0">
  <testcase name="f" time="14.428" classname="webdriverpack.Function5_Frames_HandsOn"/>
</testsuite> <!-- webdriverpack.Function5_Frames_HandsOn -->
