<?xml version="1.0" encoding="UTF-8"?>
<!-- Generated by org.testng.reporters.JUnitReportReporter -->
<testsuite hostname="GunisettyGopikrishna" name="funtionality.RegPageInvalid1" tests="1" failures="0" timestamp="15 Apr 2022 12:10:51 GMT" time="41.760" errors="0">
  <testcase name="f" time="41.760" classname="funtionality.RegPageInvalid1"/>
</testsuite> <!-- funtionality.RegPageInvalid1 -->
