<?xml version="1.0" encoding="UTF-8"?>
<!-- Generated by org.testng.reporters.JUnitReportReporter -->
<testsuite hostname="GunisettyGopikrishna" name="funtionality.Payment_Page" tests="1" failures="0" timestamp="8 Apr 2022 13:37:24 GMT" time="47.468" errors="0">
  <testcase name="f" time="47.468" classname="funtionality.Payment_Page"/>
</testsuite> <!-- funtionality.Payment_Page -->
