<?xml version="1.0" encoding="UTF-8"?>
<!-- Generated by org.testng.reporters.JUnitReportReporter -->
<testsuite hostname="GunisettyGopikrishna" name="webdriverpack.Function7_Waits" tests="1" failures="0" timestamp="28 Mar 2022 14:34:38 GMT" time="18.605" errors="0">
  <testcase name="f" time="18.605" classname="webdriverpack.Function7_Waits"/>
</testsuite> <!-- webdriverpack.Function7_Waits -->
