<?xml version="1.0" encoding="UTF-8"?>
<!-- Generated by org.testng.reporters.JUnitReportReporter -->
<testsuite hostname="GunisettyGopikrishna" name="funtionality.DataDrivenInvalidLogin" tests="1" failures="0" timestamp="15 Apr 2022 11:26:38 GMT" time="73.313" errors="0">
  <testcase name="f" time="73.313" classname="funtionality.DataDrivenInvalidLogin"/>
</testsuite> <!-- funtionality.DataDrivenInvalidLogin -->
