<?xml version="1.0" encoding="UTF-8"?>
<!-- Generated by org.testng.reporters.JUnitReportReporter -->
<testsuite hostname="GunisettyGopikrishna" name="funtionality.RegPageInvalid1" tests="1" failures="0" timestamp="15 Apr 2022 06:41:41 GMT" time="24.707" errors="0">
  <testcase name="f" time="24.707" classname="funtionality.RegPageInvalid1"/>
</testsuite> <!-- funtionality.RegPageInvalid1 -->
