<?xml version="1.0" encoding="UTF-8"?>
<!-- Generated by org.testng.reporters.JUnitReportReporter -->
<testsuite hostname="GunisettyGopikrishna" name="webdriverpack.Function7_Scroll" tests="1" failures="0" timestamp="26 Mar 2022 18:23:33 GMT" time="7.018" errors="0">
  <testcase name="f" time="7.018" classname="webdriverpack.Function7_Scroll"/>
</testsuite> <!-- webdriverpack.Function7_Scroll -->
