<?xml version="1.0" encoding="UTF-8"?>
<!-- Generated by org.testng.reporters.JUnitReportReporter -->
<testsuite hostname="GunisettyGopikrishna" name="webdriverpack.Upload1" tests="1" failures="0" timestamp="31 Mar 2022 12:23:49 GMT" time="17.150" errors="0">
  <testcase name="f" time="17.150" classname="webdriverpack.Upload1"/>
</testsuite> <!-- webdriverpack.Upload1 -->
