<?xml version="1.0" encoding="UTF-8"?>
<!-- Generated by org.testng.reporters.JUnitReportReporter -->
<testsuite hostname="GunisettyGopikrishna" name="webdriverpack.RegPageInvalid" tests="1" failures="0" timestamp="4 Apr 2022 09:06:58 GMT" time="214.332" errors="0">
  <testcase name="f" time="214.332" classname="webdriverpack.RegPageInvalid"/>
</testsuite> <!-- webdriverpack.RegPageInvalid -->
