<?xml version="1.0" encoding="UTF-8"?>
<!-- Generated by org.testng.reporters.JUnitReportReporter -->
<testsuite hostname="GunisettyGopikrishna" name="webdriverpack.Download1" tests="1" failures="0" timestamp="31 Mar 2022 13:06:00 GMT" time="32.114" errors="0">
  <testcase name="f" time="32.114" classname="webdriverpack.Download1"/>
</testsuite> <!-- webdriverpack.Download1 -->
