<?xml version="1.0" encoding="UTF-8"?>
<!-- Generated by org.testng.reporters.JUnitReportReporter -->
<testsuite hostname="GunisettyGopikrishna" name="webdriverpack.Function5_Popups_HandsOn" tests="1" failures="0" timestamp="30 Mar 2022 08:16:02 GMT" time="27.089" errors="0">
  <testcase name="f" time="27.089" classname="webdriverpack.Function5_Popups_HandsOn"/>
</testsuite> <!-- webdriverpack.Function5_Popups_HandsOn -->
