<?xml version="1.0" encoding="UTF-8"?>
<!-- Generated by org.testng.reporters.JUnitReportReporter -->
<testsuite hostname="GunisettyGopikrishna" name="funtionality.DataDrivenInvalidLogin" tests="1" failures="0" timestamp="15 Apr 2022 09:54:46 GMT" time="81.801" errors="0">
  <testcase name="f" time="81.801" classname="funtionality.DataDrivenInvalidLogin"/>
</testsuite> <!-- funtionality.DataDrivenInvalidLogin -->
