<?xml version="1.0" encoding="UTF-8"?>
<!-- Generated by org.testng.reporters.JUnitReportReporter -->
<testsuite hostname="GunisettyGopikrishna" name="webdriverpack.Function2" tests="1" failures="0" timestamp="29 Mar 2022 15:30:01 GMT" time="30.403" errors="0">
  <testcase name="f" time="30.403" classname="webdriverpack.Function2"/>
</testsuite> <!-- webdriverpack.Function2 -->
