<?xml version="1.0" encoding="UTF-8"?>
<!-- Generated by org.testng.reporters.JUnitReportReporter -->
<testsuite hostname="GunisettyGopikrishna" name="webdriverpack.RegPageInvalid1" tests="1" failures="0" timestamp="4 Apr 2022 09:33:29 GMT" time="78.121" errors="0">
  <testcase name="f" time="78.121" classname="webdriverpack.RegPageInvalid1"/>
</testsuite> <!-- webdriverpack.RegPageInvalid1 -->
