<?xml version="1.0" encoding="UTF-8"?>
<!-- Generated by org.testng.reporters.JUnitReportReporter -->
<testsuite hostname="GunisettyGopikrishna" name="webdriverpack.Function5_Frames" tests="1" failures="0" timestamp="26 Mar 2022 10:41:32 GMT" time="13.037" errors="0">
  <testcase name="f" time="13.037" classname="webdriverpack.Function5_Frames"/>
</testsuite> <!-- webdriverpack.Function5_Frames -->
