<?xml version="1.0" encoding="UTF-8"?>
<!-- Generated by org.testng.reporters.JUnitReportReporter -->
<testsuite hostname="GunisettyGopikrishna" name="webdriverpack.Function5_Popups" tests="1" failures="0" timestamp="26 Mar 2022 11:44:40 GMT" time="17.244" errors="0">
  <testcase name="f" time="17.244" classname="webdriverpack.Function5_Popups"/>
</testsuite> <!-- webdriverpack.Function5_Popups -->
