<?xml version="1.0" encoding="UTF-8"?>
<!-- Generated by org.testng.reporters.JUnitReportReporter -->
<testsuite hostname="GunisettyGopikrishna" name="samples.NewTest" tests="1" failures="0" timestamp="22 Mar 2022 07:49:27 GMT" time="0.025" errors="0">
  <testcase name="f1" time="0.025" classname="samples.NewTest"/>
</testsuite> <!-- samples.NewTest -->
