<?xml version="1.0" encoding="UTF-8"?>
<!-- Generated by org.testng.reporters.JUnitReportReporter -->
<testsuite hostname="GunisettyGopikrishna" name="webdriverpack.Function4_Frames_HandsOn" tests="1" failures="0" timestamp="29 Mar 2022 09:07:47 GMT" time="27.030" errors="0">
  <testcase name="f" time="27.030" classname="webdriverpack.Function4_Frames_HandsOn"/>
</testsuite> <!-- webdriverpack.Function4_Frames_HandsOn -->
