<?xml version="1.0" encoding="UTF-8"?>
<!-- Generated by org.testng.reporters.JUnitReportReporter -->
<testsuite hostname="GunisettyGopikrishna" name="webdriverpack.CookiesExample" tests="1" failures="0" timestamp="31 Mar 2022 17:50:53 GMT" time="70.326" errors="0">
  <testcase name="f" time="70.326" classname="webdriverpack.CookiesExample"/>
</testsuite> <!-- webdriverpack.CookiesExample -->
