<?xml version="1.0" encoding="UTF-8"?>
<!-- Generated by org.testng.reporters.JUnitReportReporter -->
<testsuite hostname="GunisettyGopikrishna" name="webdriverpack.Function6_Windows" tests="1" failures="0" timestamp="26 Mar 2022 12:04:26 GMT" time="9.241" errors="0">
  <testcase name="f" time="9.241" classname="webdriverpack.Function6_Windows"/>
</testsuite> <!-- webdriverpack.Function6_Windows -->
