<?xml version="1.0" encoding="UTF-8"?>
<!-- Generated by org.testng.reporters.JUnitReportReporter -->
<testsuite hostname="GunisettyGopikrishna" name="webdriverpack.LoginTest" tests="1" failures="0" timestamp="6 Apr 2022 12:05:16 GMT" time="197.563" errors="0">
  <testcase name="f" time="197.563" classname="webdriverpack.LoginTest"/>
</testsuite> <!-- webdriverpack.LoginTest -->
