<?xml version="1.0" encoding="UTF-8"?>
<!-- Generated by org.testng.reporters.JUnitReportReporter -->
<testsuite hostname="GunisettyGopikrishna" name="samples.NewTest1" tests="2" failures="0" timestamp="21 Mar 2022 07:51:29 GMT" time="0.004" errors="0">
  <testcase name="a" time="0.002" classname="samples.NewTest1"/>
  <testcase name="b" time="0.002" classname="samples.NewTest1"/>
</testsuite> <!-- samples.NewTest1 -->
