<?xml version="1.0" encoding="UTF-8"?>
<!-- Generated by org.testng.reporters.JUnitReportReporter -->
<testsuite hostname="GunisettyGopikrishna" name="webdriverpack.Function7_DatePicker_HandOn" tests="1" failures="0" timestamp="31 Mar 2022 07:35:19 GMT" time="15.917" errors="0">
  <testcase name="f" time="15.917" classname="webdriverpack.Function7_DatePicker_HandOn"/>
</testsuite> <!-- webdriverpack.Function7_DatePicker_HandOn -->
